[*] Skill source: auto (dataset first, csv fallback=542 from D:\Ktas Project\ATS\ATS Email Parser\src\Skill.csv)
[*] Processing 280 resume file(s) from: D:\Ktas Project\ATS\ATS Email Parser\Resume
[*] Workers: 8

#    File                   Name                           Phone          Gender   Email
────────────────────────────────────────────────────────────────────────────────────────────────────────────────────────
  2    1_pdf.pdf              Veerndra Singh Rathor          8696767406     Female   veerendrasingh@gmaill.com
       Address: CURRICULUM VITAE, VEERNDRA SINGH RATHOR, VILL-TONKRA TH-HIND...
       DOB/Age: 1994-07-15 / 31
       Skills: ❌ NOT FOUND
  8    4_pdf.pdf              Anil                           9616812233     Male     ❌ NOT FOUND
       Address: Pune...
       DOB/Age: 1999-07-03 / 26
       Skills: ❌ NOT FOUND
  6    3_pdf.pdf              Dhruv Panchal                  ❌ NOT FOUND    Male     dp148026@gmail.com
       Address: Faculty Lecturer, Gujrat, India, May 2023 – July 2025, • Fac...
       DOB/Age: ❌ NOT FOUND
       Skills [5]: cybersecurity, pmp, project management, ReactJS, NodeJS
  7    4_doc.docx             Deepika                        5188059569     Female   chintalapatideepika@gmail.com
       Address: Reviewed with development team in optimizing queries for the...
       DOB/Age: ❌ NOT FOUND
       Skills [8]: scripting, oracle, pl/sql, insurance, NodeJS, Quality Audits, Production Planning, Process Control
  5    3_doc.docx             Saiteja                        +19404370150   Female   saitejaatwork@gmail.com
       Address: Bangalore...
       DOB/Age: ❌ NOT FOUND
       Skills [58]: security, cloud, devops, microservices, server, angularjs, ReactJS, docker  (+50 more)
  3    2_doc.docx             Sai Kumar                      ❌ NOT FOUND    Female   tushar.k6@yahoo.com
       Address: Hyderabad...
       DOB/Age: ❌ NOT FOUND
       Skills [64]: drawing, validation, financial, security, cloud, configuration, encryption, microservices  (+56 more)
  1    1_doc.docx             Sai Srinivas                   7086696793     Female   sai.srinivas.2101@gmail.com
       Address: Bangalore...
       DOB/Age: ❌ NOT FOUND
       Skills [42]: architectural, automation, validation, server, hadoop, html, java, Servlets  (+34 more)
  9    5_doc.docx             Samir R. Naik                  24719150705    Female   samirrnaik2018@gmail.com
       Address: Certified 27001:2005 Information Security Management System,...
       DOB/Age: ❌ NOT FOUND
       Skills [29]: lean, auditor, banking, financial, forecasting, security, cloud, confluence  (+21 more)
  10   5_pdf.pdf              Ajay Kumar                     ❌ NOT FOUND    Male     ajaybhuims@gmail.com
       Address: S/o -Late Ram Birodhi Singh, Vill- Isiyan, P.O- Baradhi, P.S...
       DOB/Age: ❌ NOT FOUND
       Skills [11]: Quality Control, Process Improvement, Manpower Planning, Raw Material Handling, Impact Testing, FDA Compliance, SOP Documentation, Batch Manufacturing (BMR/MFR)  (+3 more)
  11   6_doc.docx             Samir R. Naik                  24719150705    Female   samirrnaik2018@gmail.com
       Address: Certified 27001:2005 Information Security Management System,...
       DOB/Age: ❌ NOT FOUND
       Skills [29]: lean, auditor, banking, financial, forecasting, security, cloud, confluence  (+21 more)
  4    2_pdf.pdf              Siddiki Siraj Ahmad            ❌ NOT FOUND    Female   ❌ NOT FOUND
       Address: ❌ NOT FOUND
       DOB/Age: ❌ NOT FOUND
       Skills: ❌ NOT FOUND
  19   10_doc.docx            Full Name                      4149090756     Male     mounika10200@gmail.com
       Address: Manikanta, Software Bloc LLC., AnE-verified Company, 3401 Cu...
       DOB/Age: 1988-08-05 / 37
       Skills: ❌ NOT FOUND
  12   6_pdf.pdf              ❌ NOT FOUND                    +919978463607  Female   mayankbarot775@gmail.com
       Address: 12 th, 2018, Gujarat, Gujarati, 10 th, 2016, Gujarat, Gujara...
       DOB/Age: ❌ NOT FOUND
       Skills [7]: campaign, android, SAP HANA, erp, gst, Regulatory Compliance, Quality Audits
  13   7_doc.docx             ❌ NOT FOUND                    ❌ NOT FOUND    Male     ❌ NOT FOUND
       Address: ❌ NOT FOUND
       DOB/Age: ❌ NOT FOUND
       Skills [11]: Process Validation, cGMP, production planning, Quality Control, Production Scheduling, Raw Material Handling, FDA Compliance, SOP Documentation  (+3 more)
  15   8_doc.docx             Santosh Kumar                  4849990237     Female   kumar85aug@gmail.com
       Address: Business Analyst, Anthelio Business Technology, Hyderabad, I...
       DOB/Age: ❌ NOT FOUND
       Skills [10]: financial, hipaa, server, organizational, sql, Process Improvement, Change Control, Excel  (+2 more)
  14   7_pdf.pdf              Dipen Vora                     9879469264     Female   dipenvora85@gmail.com
       Address: D/22, Shantidayal Appartment, Nr The HBKapadiya New High Sch...
       DOB/Age: 1985-09-01 / 40
       Skills [10]: structural, server, html, DHTML, linux, oracle, pl/sql, unix  (+2 more)
  16   8_pdf.pdf              Sujeet Kumar Singh             +919974064212  Male     sujeet.singh_1986@yahoo.co.in
       Address: 49.00, Mumbai University, VNSGU, Surat, MSU, Baroda, MSU, Ba...
       DOB/Age: ❌ NOT FOUND
       Skills [5]: excel, erp, MS Word, Quality Audits, PowerPoint
  24   12_pdf.pdf             Pratik Bhagat                  7764890893     Female   pratikbhagat157@gmail.com
       Address: CURRICULUM VITAE, Pratik Bhagat, 21 Nadiaon Jio Tawar, Vill ...
       DOB/Age: 2004-04-02 / 21
       Skills [4]: organizational, electrical engineering, Production Planning, Process Control
  17   9_doc.docx             Sarath Kumar                   4693249282     Female   sarathm.java@gmail.com
       Address: Angular.js...
       DOB/Age: ❌ NOT FOUND
       Skills [48]: automation, security, server, angularjs, git, html, Core Java, Servlets  (+40 more)
  26   13_pdf.pdf             Patel Parthbhai Ganeshbhai     9638002591     Male     ❌ NOT FOUND
       Address: Indian, Gujarati, Hindi, and English, AT.: -KHUNTEJ ( SARKAR...
       DOB/Age: 1998-03-14 / 28
       Skills [1]: time management
  21   11_doc.docx            Saravana Kumar                 ❌ NOT FOUND    Female   ❌ NOT FOUND
       Address: Bangalore...
       DOB/Age: ❌ NOT FOUND
       Skills [12]: confluence, java, jira, oracle, sql, quality audits, COBOL, scrum master  (+4 more)
  18   9_pdf.pdf              Koliwada                       +918866252027  Female   js.rathod27@gmail.com
       Address: Koliwada, GOGHALA - DIU (U.T), Diu (DAMAN & DIU) - 362540, +...
       DOB/Age: ❌ NOT FOUND
       Skills [9]: drawings, fabrication, hydraulic, welding, mechanical engineering, root cause analysis, preventive maintenance, Production Planning  (+1 more)
  22   11_pdf.pdf             Mohammad Saif Ameen            +966500327160  Male     mohdsaifameenpptcipet@gmail.com
       Address: Mohammad Saif Ameen, Town-Azad Nagar Bakewar, Etawah Uttar P...
       DOB/Age: ❌ NOT FOUND
       Skills [31]: auditor, Extrusion, Injection Molding, Plastic Processing, Quality Assurance, Internal Auditing, Inspection, Process Parameter Control  (+23 more)
  20   10_pdf.pdf             Vishwanath M Pagare            9644637555     Female   ❌ NOT FOUND
       Address: engineering activities,  Responsible For USFDA, OHZAS ISO -...
       DOB/Age: ❌ NOT FOUND
       Skills [10]: civil, OEE (Overall Equipment Efficiency), regulatory compliance, change control, mechanical engineering, Quality Assurance, SOP Documentation, Quality Audits  (+2 more)
  23   12_doc.docx            Satish Reddy                   7088311708     Female   satish.reddy.5484@gmail.com
       Address: Bangalore...
       DOB/Age: ❌ NOT FOUND
       Skills [30]: networking, server, html, java, Servlets, JSP, JDBC, JMS  (+22 more)
  27   14_doc.docx            Shail Tank                     6464429382     Female   anthony.reddy@itmmi.com
       Address: MS University, Gujarat, India. Bachelors of Business Adminis...
       DOB/Age: ❌ NOT FOUND
       Skills [27]: cpr, automation, financial, security, android, authentication, server, communications  (+19 more)
  32   16_pdf.pdf             Anoop Kumar                    6306172826     ❌ N/A    anoop1122003@gmail.com
       Address: Hamirpur, Uttar Pradesh - 210505, Mob No. : 6306172826...
       DOB/Age: 2003-02-11 / 23
       Skills [3]: laboratory, Quality Control, Inspection
  25   13_doc.docx            Jakarta Ant                    8106207820     Female   satishkuduta@gmail.com
       Address: Hyderabad...
       DOB/Age: ❌ NOT FOUND
       Skills [28]: server, html, Core Java, Servlets, JSP, JSTL, JDBC, JNDI  (+20 more)
  28   14_pdf.pdf             Ketan Trivedi                  +919737795751  Male     ketan_trivedi73@rediffmail.com
       Address: Maharashtra, 14001...
       DOB/Age: ❌ NOT FOUND
       Skills [6]: forecasting, payroll, discipline, organizational, team management, Manpower Planning
  37   19_doc.docx            ❌ Error: Failed to extract from 19_doc.docx: python-docx error: Bad CRC-32 for file 'word/media/image1.jpeg'
  29   15_doc.docx            B Shaker                       7142009052     Female   shaker.0516@gmail.com
       Address: Factset Research Systems, Hyderabad, India, Business Analyst...
       DOB/Age: ❌ NOT FOUND
       Skills [24]: server, html, java, javascript, jira, json, mysql, oracle  (+16 more)
  30   15_pdf.pdf             Sanjay Kumar Singh             +919318780073  Female   pro_sanjupharma@yahoo.co.in
       Address: Duration, Oct. 2002 to Feb. 2004, Second Organization :--Wor...
       DOB/Age: ❌ NOT FOUND
       Skills [18]: Process Validation, team management, MS Word, Quality Assurance, Quality Control, Raw Material Handling, ISO 9001, cGMP  (+10 more)
  31   16_doc.docx            Jamil M                        ❌ NOT FOUND    Female   ❌ NOT FOUND
       Address: Asia, 94555...
       DOB/Age: ❌ NOT FOUND
       Skills [25]: campaigns, cloud, server, virtualization, communications, organizational, cisco, confluence  (+17 more)
  34   17_pdf.pdf             Parool Shah                    9399561691     Male     paroolshah2902@gmail.com
       Address: Atharvo India Pvt.Ltd, Machine Learning Intern, 06/2024 - 07...
       DOB/Age: ❌ NOT FOUND
       Skills [10]: asset, configuration, incident, collaboration, jupyter, python, scikit, patch management  (+2 more)
  33   17_doc.docx            Sharath                        +12245728262   Female   sharath1323@gmail.com
       Address: Camel...
       DOB/Age: ❌ NOT FOUND
       Skills [67]: validation, inpatient, cloud, configuration, dns, microservices, ownership, scripting  (+59 more)
  36   18_pdf.pdf             Shruti Srivastava              +919625758950  Female   srivastava.shruti@gmail.com
       Address: Delhi,  2008 - Certificate Course in Export Management from...
       DOB/Age: ❌ NOT FOUND
       Skills [7]: balancing, scrum master, csm, Quality Control, Process Improvement, Impact Testing, Quality Audits
  35   18_doc.docx            Shashank Tiwari                6506001785     Female   shashank.tiwari44@gmail.com
       Address: Facilitated UAT, developing and maintaining quality procedur...
       DOB/Age: ❌ NOT FOUND
       Skills [21]: architectural, accredited, excel, jira, oracle, salesforce, sql, tableau  (+13 more)
  40   20_pdf.pdf             Qc Bsc                         9687759266     ❌ N/A    karishmamarathe1696@gmail.com
       Address: Flat no, 101 B Shantiniketan Kevdi Falia, Dabhel Daman - 396...
       DOB/Age: 1996-06-16 / 29
       Skills [1]: Quality Control
  38   19_pdf.pdf             Kapil                          ❌ NOT FOUND    Male     ❌ NOT FOUND
       Address: Permanent, A 1, Anjanisut Row Bunglows, Manik Nagar, Cidco A...
       DOB/Age: 1985-07-17 / 40
       Skills [7]: CSS, Internal Auditing, Inspection, ISO 14001, ISO 45001, Regulatory Compliance, Quality Audits
  46   23_pdf.pdf             Mrugnesh Yogeshbhai Surti      9909301767     Male     ❌ NOT FOUND
       Address: MAHARASHTRA, BOARD, THANE, 396135...
       DOB/Age: ❌ NOT FOUND
       Skills [3]: hydraulic, excel, Quality Audits
  42   21_pdf.pdf             Sachin Pal                     9569590836     Female   sachinpal09866@gmail.com
       Address: Noida, Uttar Pradesh, 09866...
       DOB/Age: ❌ NOT FOUND
       Skills [14]: ReactJS, git, html, javascript, linux, mongodb, NodeJS, python  (+6 more)
  41   21_doc.docx            Mounika P                      4693051937     Female   mounikarao2_tuz@indeedemail.com
       Address: Hudson, MA 01749...
       DOB/Age: ❌ NOT FOUND
       Skills [16]: adobe, Photoshop, html, java, Eclipse, Jasmine, javascript, jira  (+8 more)
  39   20_doc.docx            Shelly Woods                   2012033169     Female   shelly.woods@hrmediary.com
       Address: Hive...
       DOB/Age: ❌ NOT FOUND
       Skills [23]: server, virtualization, git, Core Java, Servlets, JSP, JDBC, Struts  (+15 more)
  43   22_doc.docx            Shiuli Mahmud                  ❌ NOT FOUND    Female   ❌ NOT FOUND
       Address: Atlanta, 07307...
       DOB/Age: ❌ NOT FOUND
       Skills [30]: lean, collaborative, validation, ownership, server, accountability, prioritization, adobe  (+22 more)
  48   24_pdf.pdf             Veerndra Singh Rathor          8696767406     Female   veerendrasingh@gmaill.com
       Address: CURRICULUM VITAE, VEERNDRA SINGH RATHOR, VILL-TONKRA TH-HIND...
       DOB/Age: 1994-07-15 / 31
       Skills: ❌ NOT FOUND
  45   23_doc.docx            Shiva G                        6825939220     Female   shivag6600@gmail.com
       Address: Academy Bank, Kansas City, MO, May 2016 – Present, Java Full...
       DOB/Age: ❌ NOT FOUND
       Skills [40]: server, angularjs, html, java, Servlets, JSP, JDBC, JMS  (+32 more)
  44   22_pdf.pdf             Mandar Kore                    ❌ NOT FOUND    Male     ❌ NOT FOUND
       Address: Certified Lead Auditor for ISO 9001:2015 (Quality Management...
       DOB/Age: ❌ NOT FOUND
       Skills [19]: cad, validation, auditor, laboratory, oncology, excel, cGMP, erp  (+11 more)
  52   26_pdf.pdf             Karun Chandubhai Vadukiya      +919898663073  Male     karun.vadukiya@gmail.com
       Address: Handlingunitoperationlike-Distillation(Atmospheric/vaccum)an...
       DOB/Age: ❌ NOT FOUND
       Skills: ❌ NOT FOUND
  47   24_doc.docx            Siddharth                      6464946583     Female   siddhartha.g225@gmail.com
       Address: Bangalore...
       DOB/Age: ❌ NOT FOUND
       Skills [39]: automation, server, html, java, JSP, Spring Boot, Struts, JSF  (+31 more)
  49   25_doc.docx            Smita Kamble                   6303610133     Female   surya@synapsisinc.com
       Address: Bachelors of Information Technology - Mumbai University, Ind...
       DOB/Age: ❌ NOT FOUND
       Skills [9]: pl/sql, csm, Inspection, Process Improvement, Impact Testing, SOP Documentation, Quality Audits, Production Planning  (+1 more)
  53   27_doc.docx            Spoorthi                       ❌ NOT FOUND    Female   ❌ NOT FOUND
       Address: Jawaharlal Nehru Technological University (JNTU), India...
       DOB/Age: ❌ NOT FOUND
       Skills [36]: automation, validation, asset, banking, forecasting, incident, networking, server  (+28 more)
  54   27_pdf.pdf             Mhasawad Tal                   9657885633     Male     rprem5236@gmail.com
       Address: At.post. Mhasawad Tal.Shahada Dist. Nandurbar, Maharashtra,P...
       DOB/Age: ❌ NOT FOUND
       Skills [2]: production planning, Process Control
  50   25_pdf.pdf             Candidate Name                 9624999100     Male     info@qualityhr.co.in
       Address: Gujarat Uni., Maths-I,II, Bio,Sans, 61.00% Chem,Ceutics,Colo...
       DOB/Age: ❌ NOT FOUND
       Skills [18]: kaizen, Compression, Coating, erp, lean manufacturing, value stream mapping, production planning, Quality Assurance  (+10 more)
  58   29_pdf.pdf             Pratik V. Dudhat               917202082554   Male     ❌ NOT FOUND
       Address: Vrajbhumi Sector-2, Sarthana Police station, 395006...
       DOB/Age: ❌ NOT FOUND
       Skills [5]: cpa, excel, quickbooks, gst, Quality Audits
  55   28_doc.docx            Reshma                         9087915644     Female   kr.reshma023@gmail.com
       Address: Jersey City...
       DOB/Age: ❌ NOT FOUND
       Skills [17]: asset, banking, financial, server, communications, excel, java, Servlets  (+9 more)
  51   26_doc.docx            Waterfall Model                5156354931     Female   sougandh.work@gmail.com
       Address: Hyderabad...
       DOB/Age: ❌ NOT FOUND
       Skills [60]: automation, banking, mortgage, payroll, emr, medical, balancing, cloud  (+52 more)
  56   28_pdf.pdf             Manpreet                       08874120867    Male     ❌ NOT FOUND
       Address: Duration : Dec 2023 to Aug 2024., ❖ AARTI DISTILLERIES PVT L...
       DOB/Age: ❌ NOT FOUND
       Skills: ❌ NOT FOUND
  57   29_doc.docx            ❌ NOT FOUND                    ❌ NOT FOUND    ❌ N/A    ❌ NOT FOUND
       Address: Jawaharlal Nehru Technological University, Hyderabad, India ...
       DOB/Age: ❌ NOT FOUND
       Skills [28]: automation, scripting, git, hadoop, html, java, JSP, JSF  (+20 more)
  60   30_pdf.pdf             Carrier Objectives             +918200763087  Female   mehulvasava361@gmail.com
       Address: TA & Dist. Bharuch , Gujarat ,Pin code : 392012....
       DOB/Age: ❌ NOT FOUND
       Skills [4]: asset, excel, time management, MS Word
  63   32_doc.doc             Barsha Santra                  8474936303     Female   santrabarsha836@gmail.com
       Address: At/Po- IRRIGATION COLONY ROAD,OPP-HORTICULTURE NURSERY GARDE...
       DOB/Age: ❌ NOT FOUND
       Skills [1]: Quality Assurance
  62   31_pdf.pdf             Bhavika Desai                  +919727911701  Female   patelbhavika846@gmail.com
       Address: Surat , India...
       DOB/Age: ❌ NOT FOUND
       Skills [17]: financial, decisionmaking, Adobe XD, Illustrator, Photoshop, Wordpress, angularjs, ReactJS  (+9 more)
  59   30_doc.docx            Randy Adams                    ❌ NOT FOUND    Female   randyadams526@yahoo.com
       Address: 1750 Montgomery Street, San Francisco, California, 94111...
       DOB/Age: ❌ NOT FOUND
       Skills [44]: validation, configuration, server, adobe, cisco, html, Core Java, Servlets  (+36 more)
  68   34_pdf.pdf             Puja Baviskar                  +918208651576  Female   pujabaviskar40969@gmail.com
       Address: 58 Borole Nagar-2, Tal-Chopda, Dist. - Jalgaon, Maharashtra,...
       DOB/Age: 1998-06-03 / 27
       Skills [13]: academy, discipline, excel, html, java, JSP, Spring Boot, Hibernate  (+5 more)
  66   33_pdf.pdf             Shivangi Gupta                 +917007457710  Female   shivangi.gup714@gmail.com
       Address: DLF Phase 3, Gurgaon, Haryana, 122002...
       DOB/Age: 2001-09-30 / 24
       Skills [2]: Excel, PowerPoint
  61   31_doc.docx            Waterfall Model                5153092734     Male     saiteja@theegiants.com
       Address: Bangalore...
       DOB/Age: ❌ NOT FOUND
       Skills [44]: server, angularjs, ReactJS, git, gradle, html, java, Servlets  (+36 more)
  65   33_doc.docx            Sivanaga G                     5713462112     Female   sivagatiganti@gmail.com
       Address: Hyderabad...
       DOB/Age: ❌ NOT FOUND
       Skills [31]: networking, server, html, java, Servlets, JSP, JDBC, JMS  (+23 more)
  70   35_pdf.pdf             Message                        9120712241     Male     saurabhyadav10799@gmail.com
       Address: Vill-Shahkuddanpur Post-Tamauli Dist-Azamgarhi, 10799...
       DOB/Age: 1999-07-10 / 26
       Skills: ❌ NOT FOUND
  72   36_pdf.pdf             Desale Chandrakant Ghyaniram   9356202116     Female   chandrakant79@gmail.com
       Address: Dist:Dhule,Maharashtra, Pin:424307 Cell:-9356202116...
       DOB/Age: 1995-12-15 / 30
       Skills: ❌ NOT FOUND
  67   34_doc.docx            Highlights                     9253498018     Female   sreevatsan77@gmail.com
       Address: Masters Diploma in Business Administration, Symbiosis Instit...
       DOB/Age: ❌ NOT FOUND
       Skills [19]: banking, server, java, jira, oracle, sql, tableau, unix  (+11 more)
  74   37_pdf.pdf             Ansari Jabir Ali S             ❌ NOT FOUND    Female   ❌ NOT FOUND
       Address: ANSARI JABIR ALI S., Vadodara, Gujarat-390012., Educational ...
       DOB/Age: ❌ NOT FOUND
       Skills [1]: erp
  69   35_doc.docx            Sudhakar Reddy P               2015353300     Male     psrleo81@gmail.com
       Address: Eureka...
       DOB/Age: ❌ NOT FOUND
       Skills [35]: microservices, server, git, hadoop, html, java, Servlets, JSP  (+27 more)
  71   36_doc.docx            Sumanth Manne                  9084844161     Female   msumanth39@gmail.com
       Address: Hyderabad...
       DOB/Age: ❌ NOT FOUND
       Skills [43]: scripting, server, angularjs, html, Core Java, Servlets, JSP, JDBC  (+35 more)
  75   38_doc.docx            Syed Zia Ashraf                12035410012    Female   scott@egbsystems.com
       Address: 2007- Masters in Computer Application from IASE Deemed Rajas...
       DOB/Age: ❌ NOT FOUND
       Skills [18]: blockchain, cloud, server, azure, hadoop, java, jira, oracle  (+10 more)
  73   37_doc.docx            Pradeep Sundar                 4157698565     Female   psundar.sf@gmail.com
       Address: Hyderabad, Telangana...
       DOB/Age: ❌ NOT FOUND
       Skills [56]: banking, financial, cloud, configuration, dispatcher, server, angularjs, ReactJS  (+48 more)
  80   40_pdf.pdf             Atharva Diliprao Sabale        +917263086035  Female   dadaathu2296@gmail.com
       Address: Pune...
       DOB/Age: ❌ NOT FOUND
       Skills [5]: excel, erp, gst, Quality Audits, PowerPoint
  76   38_pdf.pdf             Mansoor Shaikh                 ❌ NOT FOUND    Female   mansoor97468@gmail.com
       Address: Cipla Limited – Kurkumbh Manufacturing Site, 01/2019- 02/202...
       DOB/Age: ❌ NOT FOUND
       Skills [13]: automation, validation, asset, assets, physical, excel, oracle, financial reporting  (+5 more)
  77   39_doc.docx            Scjp                           +17188774291   Female   mfarhantramboo@gmail.com
       Address: Mumbai, 322906...
       DOB/Age: ❌ NOT FOUND
       Skills [30]: html, java, JSP, Hibernate, DHTML, SOAP, Eclipse, javascript  (+22 more)
  79   40_doc.docx            Tanmay Dam                     +16023509460   Female   tanmaydam.14@gmail.com
       Address: Illinois-60004...
       DOB/Age: ❌ NOT FOUND
       Skills [7]: banking, cloud, insurance, Quality Assurance, Impact Testing, Production Planning, Process Control
  78   39_pdf.pdf             Bhoopendra Kumar Kushwaha      08962327573    Female   bkushwaha10@gmail.com
       Address: 2010, GMR Chhattisgarh, Energy Pvt. Ltd. as, 485001...
       DOB/Age: ❌ NOT FOUND
       Skills [9]: biomedical, excel, erp, time management, MS Word, Impact Testing, Regulatory Compliance, Quality Audits  (+1 more)
  82   41_pdf.pdf             ❌ NOT FOUND                    9850828043     Male     mayurcn13@gmail.com
       Address: MAYUR NAGAR, 9 Mumbai 401209...
       DOB/Age: ❌ NOT FOUND
       Skills: ❌ NOT FOUND
  64   32_pdf.pdf             A K                            ❌ NOT FOUND    Female   click2akashrajak@gmail.com
       Address: ❌ NOT FOUND
       DOB/Age: ❌ NOT FOUND
       Skills: ❌ NOT FOUND
  84   42_pdf.pdf             Jyothi Abbagalla               +919392301284  Female   abbagallajyothi97@gmail.com
       Address: JYOTHI ABBAGALLA, Plot no-10, Shanthi Nagar colony, Vanastha...
       DOB/Age: 1997-04-03 / 28
       Skills [8]: html, javascript, mysql, python, Django, sql, Bootstrap, CSS
  81   41_doc.docx            Tarun                          8769046847     Female   ❌ NOT FOUND
       Address: BANK OF INDIA, Mumbai, India, BOI SECURE OTP...
       DOB/Age: ❌ NOT FOUND
       Skills [28]: lean, accredited, banking, financial, physical, hadoop, html, SOAP  (+20 more)
  83   42_doc.docx            Ranjan Kumar Verma             ❌ NOT FOUND    Female   ❌ NOT FOUND
       Address: Managed stakeholder communication, Participated and contribu...
       DOB/Age: ❌ NOT FOUND
       Skills [28]: banking, configuration, server, collaboration, adobe, confluence, html, java  (+20 more)
  86   43_pdf.pdf             Rajesh Jogal                   +919328000509  Male     jogalrajesh820@gmail.com
       Address: JAMNAGAR, GUJARAT- 361280, CONT. NO. +91 9328000509, DATE OF...
       DOB/Age: ❌ NOT FOUND
       Skills [4]: chemical engineering, Raw Material Handling, Production Planning, Process Control
  85   43_doc.docx            Ravi Pattar                    7323999510     Female   prasanna@intellyk.com
       Address: Performer” award in Aditi Technologies, Bangalore, ‘‘Most Si...
       DOB/Age: ❌ NOT FOUND
       Skills [24]: automation, auditor, server, confluence, git, java, Servlets, JSP  (+16 more)
  90   45_pdf.pdf             Vimal K Chauhan                9427484085     Female   vimal.chauhan111@gmail.com
       Address: RESUME., 1/Pawan Dham Society, Nr. Patel Resort, Godi road,....
       DOB/Age: 1979-10-15 / 46
       Skills [5]: html, java, DHTML, unix, insurance
  87   44_doc.docx            Tarun                          ❌ NOT FOUND    Female   ❌ NOT FOUND
       Address: Bangalore, 18427...
       DOB/Age: ❌ NOT FOUND
       Skills [24]: orchestration, financial, mortgage, server, collaboration, confluence, hadoop, html  (+16 more)
  88   44_pdf.pdf             Sandip Bhujang Bargaje         +919552328044  Female   bargajes@gmail.com
       Address: Taradgavhan Post.Shekta Taluka.Shirur Kasar District.Beed,Ma...
       DOB/Age: 1991-09-03 / 34
       Skills [16]: chromatography, computational, robotics, validation, cloud, change control, internal audit, preventive maintenance  (+8 more)
  89   45_doc.docx            Tarun Nalluri                  8027681105     Female   nalluri.t01@gmail.com
       Address: Admin Console...
       DOB/Age: ❌ NOT FOUND
       Skills [56]: backup, configuration, server, angularjs, git, hadoop, html, java  (+48 more)
  96   48_pdf.pdf             Dilipbhai Parmar               6352193853     Male     dp9213254@gmail.com
       Address: Gujarati, Gujarat...
       DOB/Age: ❌ NOT FOUND
       Skills [5]: chromatography, validation, Quality Assurance, Quality Control, Equipment Calibration
  91   46_doc.docx            Tarun Reddy                    5023785940     Female   tarundev.work@gmail.com
       Address: Jenkins...
       DOB/Age: ❌ NOT FOUND
       Skills [45]: inspection, server, angularjs, ReactJS, git, gradle, html, java  (+37 more)
  92   46_pdf.pdf             Archi K Kapadia                +917069031207  Female   archikpd2@gmail.com
       Address: Abrama, Valsad -396001...
       DOB/Age: 1992-05-02 / 33
       Skills [14]: financial, security, backup, configuration, networking, wireless, linux, firewall  (+6 more)
  93   47_doc.docx            Praveen                        7037430795     Female   sutejaswis@gmail.com
       Address: Cleveland...
       DOB/Age: ❌ NOT FOUND
       Skills [13]: excel, jira, oracle, sql, unix, Shell Scripting, Prototyping, change management  (+5 more)
  95   48_doc.docx            Teresa Neetipudi               7734941379     Female   teresaneet.ba@gmail.com
       Address: Post Graduate Diploma in Business Management (PGDBM), Osmani...
       DOB/Age: ❌ NOT FOUND
       Skills [20]: validation, banking, mortgage, security, server, excel, html, java  (+12 more)
  102  51_pdf.pdf             Nikita Naroliya                6264074373     Female   nikitanaroliya2@gmail.com
       Address: 6264074373, H.N. 79 Near Hanuman, mandir Teela jamalpura, Bh...
       DOB/Age: ❌ NOT FOUND
       Skills [3]: java, Hibernate, ReactJS
  94   47_pdf.pdf             Devendra Sugandhi              +917744091759  Male     deven.sugandhi@gmail.com
       Address: 10 th, 2003, Madhya Pradesh, English, May 2023 - Present, Gr...
       DOB/Age: ❌ NOT FOUND
       Skills [16]: calibrations, validation, ambulance, ownership, plc, cGMP, electrical engineering, scada  (+8 more)
  104  52_pdf.pdf             Business                       7505274875     Male     pratapsinghabhay391@gmail.com
       Address: ail.com, Rajpoot colony, thane ke peeche, tundla firozabad, ...
       DOB/Age: ❌ NOT FOUND
       Skills: ❌ NOT FOUND
  97   49_doc.docx            Tushar Patel                   8478098809     Female   tushar_b_patel@yahoo.com
       Address: Ahmedabad, Gujarat...
       DOB/Age: ❌ NOT FOUND
       Skills [26]: automation, payroll, server, java, Servlets, JSP, JMS, EJB  (+18 more)
  100  50_pdf.pdf             Aman Mishra                    +917054555605  Male     amanmishra80045@gmail.com
       Address: out of 110600+ Coders. , have come to top 10 students., • S...
       DOB/Age: ❌ NOT FOUND
       Skills [16]: ReactJS, git, html, java, SASS, LESS, NetBeans, javascript  (+8 more)
  98   49_pdf.pdf             MR. Santosh Ananda Todkar      ❌ NOT FOUND    Male     santoshtodkar5@gmail.com
       Address: At Maharugadewadi, Post - Jinti, Tal. Karad, Dist - Satara, ...
       DOB/Age: ❌ NOT FOUND
       Skills [6]: Quality Control, Raw Material Handling, Impact Testing, Regulatory Compliance, Quality Audits, PowerPoint
  99   50_doc.docx            Uday Maripelly                 8162996342     Female   udaymaripelly4_2pq@indeedemail.com
       Address: Jersey City, NJ 07306...
       DOB/Age: ❌ NOT FOUND
       Skills [28]: server, excel, git, html, java, SOAP, WSDL, Maven  (+20 more)
  101  51_doc.docx            Mounika Surender               7175595134     Female   smounika.ba@gmail.com
       Address: Long Beach...
       DOB/Age: ❌ NOT FOUND
       Skills [13]: server, excel, html, oracle, pl/sql, xml, MS Word, Quality Assurance  (+5 more)
  110  55_pdf.pdf             Altamash Khan                  +916388585305  Male     khanaltamash05320@gmail.com
       Address: 2017-2018, United College of Engineering and Research, Praya...
       DOB/Age: ❌ NOT FOUND
       Skills [3]: Prototyping, electrical engineering, Quality Assurance
  105  53_doc.docx            Utthan Silawal                 7076536269     Female   usilawal123@gmail.com
       Address: Us...
       DOB/Age: ❌ NOT FOUND
       Skills [15]: asset, financial, configuration, confluence, jira, sql, risk management, investment banking  (+7 more)
  106  53_pdf.pdf             Abhay Nimbargi                 7016393813     Male     abhaymnimbargi@gmail.com
       Address: Bangalore, Gujarat...
       DOB/Age: ❌ NOT FOUND
       Skills [6]: academy, discipline, vendor management, Production Scheduling, Production Planning, Process Control
  103  52_doc.docx            Ujvala Bypa                    4158138870     Female   ujvala.b.1@gmail.com
       Address: ACC Limited, Mumbai, India...
       DOB/Age: ❌ NOT FOUND
       Skills [30]: cloud, server, communications, organizational, excel, html, java, WebLogic  (+22 more)
  108  54_pdf.pdf             Respected Sir                  +918140131084  Male     manojnehete123@gmail.com
       Address: G.S.E. B, 68.92 %, 67.84 %, ORGANIZATIONAL EXPERIENCE, 1. FR...
       DOB/Age: ❌ NOT FOUND
       Skills [11]: organizational, cGMP, change control, quality management system, Quality Assurance, Quality Control, Batch Manufacturing (BMR/MFR), Quality Audits  (+3 more)
  107  54_doc.docx            Harish                         +19802853958   Female   harish.ui87@gmail.com
       Address: HSBC, Hyderabad, India March 2009 - Oct 2012, Worked with Sy...
       DOB/Age: ❌ NOT FOUND
       Skills [35]: validation, android, server, adobe, Photoshop, git, html, java  (+27 more)
  109  55_doc.docx            Ashok A                        6176814217     Female   ashtechjava12@gmail.com
       Address: Bachelors in Computer Science from CBIT, Hyderabad, INDIA. (...
       DOB/Age: ❌ NOT FOUND
       Skills [31]: ReactJS, html, java, JSTL, JDBC, JMS, Spring MVC, Spring Boot  (+23 more)
  112  56_pdf.pdf             Manish Mishra                  +918745057494  Female   manishmis007@gmail.co
       Address: 12 th, 2017, Haryana, English, 10 th, 2015, Haryana, Hindi, ...
       DOB/Age: ❌ NOT FOUND
       Skills [8]: chromatography, inspection, medical, caliper, Coating, Quality Control, SOP Documentation, Batch Manufacturing (BMR/MFR)
  111  56_doc.docx            Vijetha                        9138903489     Female   reddy.vijethaa@gmail.com
       Address: Chennai, Tamil Nadu...
       DOB/Age: ❌ NOT FOUND
       Skills [38]: cloud, server, hadoop, Core Java, JDBC, JMS, Struts, Hibernate  (+30 more)
  114  57_pdf.pdf             Vishal Yadav                   7359595240     Female   yadavvishal2458@gmail.com
       Address: House No. 2048, Kanahya nagar, karamkhal, Lavachha, Gujarat,...
       DOB/Age: 1999-07-02 / 26
       Skills [9]: payroll, excel, financial reporting, gst, tds, MS Word, Internal Auditing, Quality Audits  (+1 more)
  115  58_doc.docx            Vamshi Teja                    6504173184     Female   vamshiteja50@gmail.com
       Address: Created...
       DOB/Age: ❌ NOT FOUND
       Skills [23]: asset, financial, hipaa, server, confluence, epic, excel, SOAP  (+15 more)
  113  57_doc.docx            Vamshi                         ❌ NOT FOUND    Female   ❌ NOT FOUND
       Address: Hyderabad, Andhra Pradesh...
       DOB/Age: ❌ NOT FOUND
       Skills [43]: security, server, git, gradle, html, java, Servlets, JSP  (+35 more)
  118  59_pdf.pdf             Gajendra Kumar                 +919004223335  Male     kgajendra11@gmail.com
       Address: Address: Sahara Society, Flat 501, Plot 17, Sector 40, Seawo...
       DOB/Age: ❌ NOT FOUND
       Skills [14]: business continuity, Quality Assurance, Quality Control, Process Improvement, Impact Testing, cGMP, Tablet Manufacturing, FDA Compliance  (+6 more)
  119  60_doc.docx            Varun                          ❌ NOT FOUND    Male     ❌ NOT FOUND
       Address: Bangalore...
       DOB/Age: ❌ NOT FOUND
       Skills [39]: mortgage, cloud, server, gradle, html, java, Servlets, JSP  (+31 more)
  117  59_doc.docx            ❌ NOT FOUND                    6016510507     ❌ N/A    varunkumar.work@gmail.com
       Address: Bangalore...
       DOB/Age: ❌ NOT FOUND
       Skills [49]: mortgage, cloud, server, ReactJS, git, gradle, html, java  (+41 more)
  120  60_pdf.pdf             Jay Donga                      7359930530     Female   jaydonga04@gmail.com
       Address: 77.8%, Donga Jay Ashokbhai, 12, Krishna Apartment, Near Vija...
       DOB/Age: ❌ NOT FOUND
       Skills [5]: cad, civil, excel, Material Testing, MS Word
  121  61_doc.docx            Venkat N                       3146622902     Female   vhealthba@gmail.com
       Address: Ascension Health, St Louis, MO Aug 2017- Sep 2017...
       DOB/Age: ❌ NOT FOUND
       Skills [12]: server, excel, sql, erp, MS Word, Quality Assurance, Quality Control, Process Improvement  (+4 more)
  122  61_pdf.pdf             Jayendra D Gurjar              +919099945303  Male     jayendragurjar@gmail.com
       Address: Bharuch Gujarat...
       DOB/Age: ❌ NOT FOUND
       Skills [7]: cGMP, regulatory compliance, Quality Assurance, Process Improvement, OEE (Overall Equipment Efficiency), Production Planning, Process Control
  123  62_doc.docx            Brahma Prathi                  9162829259     Female   sam@vishconsultingservices.com
       Address: Apollo Hospital, Delhi, India Jan 2009 to Dec 2011, Business...
       DOB/Age: ❌ NOT FOUND
       Skills [26]: validation, hipaa, medical, authorization, configuration, server, collaboration, confluence  (+18 more)
  124  62_pdf.pdf             Keval Mungra                   +917777978741  Male     mungrakeval123@gmail.com
       Address: 21 Vastu Row House, Near Kumkum Soc, Surat, +91 7777978741...
       DOB/Age: ❌ NOT FOUND
       Skills [5]: laboratory, quality audits, Quality Assurance, Quality Control, Deviation Management
  131  66_doc.doc             ❌ Error: Failed to extract from 66_doc.doc: textract error: antiword missing for .doc support; Word COM extraction error: (-2147221008, 'CoInitialize has not been called.', None, None)
  116  58_pdf.pdf             Shubham Solanki                6264404491     Male     solankishubham261@gmail.com
       Address: Village Chirakhan, Post Jamkota , Dist. Khandwa, (M.P) 45011...
       DOB/Age: ❌ NOT FOUND
       Skills [12]: drawing, inspection, kaizen, autocad, excel, OEE (Overall Equipment Efficiency), tpm, Quality Control  (+4 more)
  128  64_pdf.pdf             Vivekanand Higher Secon        918000017570   Female   gujrat.meetjagani7@gmail.com
       Address: Qc, Gujarat, 80000...
       DOB/Age: ❌ NOT FOUND
       Skills [6]: laboratory, nutrition, Equipment Calibration, Quality Assurance, Quality Control, Density Testing
  134  67_pdf.pdf             ❌ Error: Failed to extract from 67_pdf.pdf: PDF extraction returned empty text
  126  63_pdf.pdf             Karl Fischer                   8238921564     Male     mayankpl456@gmail.com
       Address: Khanjroli, Ta: Mandvi, Dist:Surat...
       DOB/Age: ❌ NOT FOUND
       Skills [3]: tds, Raw Material Handling, Equipment Calibration
  132  66_pdf.pdf             Mayur Parmar                   +917434979347  Male     parmarmayur154@gmail.com
       Address: +91 7434979347, Palanpur, India 385421, Mayur Parmar...
       DOB/Age: ❌ NOT FOUND
       Skills [4]: interpersonal skills, Injection Molding, Quality Control, Inspection
  125  63_doc.docx            Venkata                        3162472160     Female   venkata.s.k310@gmail.com
       Address: Sr. PHP/ Drupal Developer, WW Norton, NYC, NY Jan’12 – Jul’1...
       DOB/Age: ❌ NOT FOUND
       Skills [43]: incident, server, adobe, Illustrator, Photoshop, Wordpress, angularjs, ReactJS  (+35 more)
  130  65_pdf.pdf             Sachin Yadav                   +919696728494  Male     sachinyadav969672@gmail.com
       Address: Sr. Chemist, Everest Starch India pvt ltd surender nagar Raj...
       DOB/Age: ❌ NOT FOUND
       Skills [10]: critical thinking, Quality Assurance, Quality Control, cGMP, Equipment Calibration, Regulatory Compliance, SOP Documentation, Quality Audits  (+2 more)
  127  64_doc.docx            Vijay                          6468015340     Male     b.vijay.m09@gmail.com
       Address: All the data was loaded from our relational DBs to HIVE usin...
       DOB/Age: ❌ NOT FOUND
       Skills [33]: server, docker, hadoop, html, java, Servlets, JSP, JDBC  (+25 more)
  129  65_doc.docx            Muralidhar Chandrashekar       13148149041    Female   ncmuralidhar@gmail.com
       Address: (+1) 314 814 9041, St Louis, MO, PROFESSIONAL SUMMARY...
       DOB/Age: ❌ NOT FOUND
       Skills [13]: academy, physical, server, java, jira, sql, xml, customer service  (+5 more)
  133  67_doc.docx            Rao                            2017013757     ❌ N/A    raojavadev7@gmail.com
       Address: Hyderabad...
       DOB/Age: ❌ NOT FOUND
       Skills [50]: cloud, server, angularjs, git, html, java, Servlets, JSP  (+42 more)
  140  70_pdf.pdf             Prajapati Brijeshkumar Kanubh  8128569208     Female   prajapatibrijeshkumar50@gmail.com
       Address: kumbhavadu faliyu, kareli, Bharucha 391810...
       DOB/Age: 2002-11-20 / 23
       Skills [5]: cGMP, Equipment Calibration, Batch Manufacturing (BMR/MFR), Production Planning, Process Control
  135  68_doc.docx            Venkata Vikash                 +17328239797   Female   vvikash.zenbsa@gmail.com
       Address: ZenTech Technologies, Mumbai, India July 2010 - Dec 2012, Bu...
       DOB/Age: ❌ NOT FOUND
       Skills [28]: validation, banking, financial, server, collaboration, excel, html, SOAP  (+20 more)
  136  68_pdf.pdf             Patel Zankruti Bhinang         8511200650     Male     zankrutipatel246@gmail.com
       Address: on 28 th and 29 th March 2023, Gandhinagar, Gujarat., 12 th ...
       DOB/Age: ❌ NOT FOUND
       Skills [4]: biostatistics, automation, MS Word, PowerPoint
  137  69_doc.docx            Vinay                          +15153187323   Female   vinay.donthoju1@gmail.com
       Address: Hyderabad...
       DOB/Age: ❌ NOT FOUND
       Skills [48]: validation, cloud, server, angularjs, ReactJS, git, html, java  (+40 more)
  142  71_pdf.pdf             Patel Prashantbhai Sureshbhai  8347975969     Male     pp5927308@gmail.com
       Address: VNSGU SURAT, BKM VALSAD 72.20%, 394370...
       DOB/Age: 1998-09-20 / 27
       Skills [3]: Quality Control, Raw Material Handling, Quality Audits
  138  69_pdf.pdf             Pawan Prod                     08938832968    Male     pawan.prod@gmail.com
       Address: 98/41 A/27 C Tilak Nagar, Allahpur ALLAHABAD, U.P. -211006, ...
       DOB/Age: ❌ NOT FOUND
       Skills [13]: discipline, Process Validation, cGMP, Compression, Coating, Quality Assurance, Quality Control, FDA Compliance  (+5 more)
  139  70_doc.docx            Vishal S                       7326452590     Female   vishalsingh19851@gmail.com
       Address: Pune University, Pune India, 2004 – Bachelors of Engineering...
       DOB/Age: ❌ NOT FOUND
       Skills [27]: architectural, asset, security, physical, backup, configuration, incident, networking  (+19 more)
  141  71_doc.docx            Vishnu Vardhan                 ❌ NOT FOUND    Female   ❌ NOT FOUND
       Address: Banking...
       DOB/Age: ❌ NOT FOUND
       Skills [9]: CSS, MS Word, Quality Assurance, Process Improvement, Impact Testing, Excel, PowerPoint, Production Planning  (+1 more)
  144  72_pdf.pdf             Coverletter                    09675727387    Male     jaiprakashmurya039@gmail.com
       Address: PINCODE.222143(U.P)...
       DOB/Age: ❌ NOT FOUND
       Skills [15]: validation, asset, discipline, cGMP, Equipment Qualification, change control, erp, preventive maintenance  (+7 more)
  143  72_doc.docx            Vishnu J                       +14756554689   Female   jammigumpulavishnu452@gmail.com
       Address: Equifax, St.Louis, Missouri Apr 2016 - Present...
       DOB/Age: ❌ NOT FOUND
       Skills [25]: server, html, java, JSP, JDBC, JNDI, EJB, Struts  (+17 more)
  148  74_pdf.pdf             Vishal Bansilal Sonawane       9552807753     Male     sonawanevishal1449@gmail.com
       Address: At Post Sonewadi, Tal-Shindkheda. Dist. Dhule Maharashtra 42...
       DOB/Age: 1997-10-10 / 28
       Skills [13]: academy, kaizen, caliper, tpm, mechanical engineering, final inspection, Process Improvement, SOP Documentation  (+5 more)
  146  73_pdf.pdf             Coverletter                    09675727387    Male     jaiprakashmurya039@gmail.com
       Address: PINCODE.222143(U.P)...
       DOB/Age: ❌ NOT FOUND
       Skills [15]: validation, asset, discipline, cGMP, Equipment Qualification, change control, erp, preventive maintenance  (+7 more)
  145  73_doc.docx            Vishnu J                       +14756554689   Female   jammigumpulavishnu452@gmail.com
       Address: Equifax, St.Louis, Missouri Apr 2016 - Present...
       DOB/Age: ❌ NOT FOUND
       Skills [25]: server, html, java, JSP, JDBC, JNDI, EJB, Struts  (+17 more)
  147  74_doc.docx            Vivek Joshi                    9725143667     Female   ❌ NOT FOUND
       Address: Jaipur, 20007...
       DOB/Age: ❌ NOT FOUND
       Skills [8]: excel, jira, json, sql, Quality Assurance, Quality Control, Impact Testing, PowerPoint
  149  75_doc.docx            Vivek Sagar                    ❌ NOT FOUND    Female   ❌ NOT FOUND
       Address: SBI, Hyderabad, India AUG 2009 – AUG 2010, Jr JAVA DEVELOPER...
       DOB/Age: ❌ NOT FOUND
       Skills [46]: automation, asset, cloud, server, confluence, excel, html, Core Java  (+38 more)
  152  76_pdf.pdf             Somya Velani                   9016525692     Female   velanisomya@gmail.com
       Address:  Assisted in preparing wiring layouts for industrial Automa...
       DOB/Age: ❌ NOT FOUND
       Skills [2]: automation, drawings
  153  77_doc.docx            Mounika Reddy                  4149090756     Female   mounika10200@gmail.com
       Address: Retail, 10200...
       DOB/Age: ❌ NOT FOUND
       Skills [12]: excel, html, jira, pl/sql, xml, Quality Assurance, Impact Testing, Change Control  (+4 more)
  151  76_doc.docx            Nandini                        +16463610131   Female   jnandini1324@gmail.com
       Address: Hyderabad...
       DOB/Age: ❌ NOT FOUND
       Skills [18]: automation, security, configuration, server, cisco, java, WSDL, linux  (+10 more)
  155  78_doc.docx            Yohan                          ❌ NOT FOUND    Female   ❌ NOT FOUND
       Address: Bangalore...
       DOB/Age: ❌ NOT FOUND
       Skills [28]: server, confluence, excel, html, java, SOAP, javascript, jira  (+20 more)
  150  75_pdf.pdf             Leadershipskills               ❌ NOT FOUND    Male     agar77777@gmail.com
       Address: Ahmedabad, Gujarat, 382418...
       DOB/Age: ❌ NOT FOUND
       Skills [2]: Production Planning, Process Control
  154  77_pdf.pdf             MR. Anil Suresh Thakare        ❌ NOT FOUND    Male     anilthakare707@gmail.com
       Address: At -Junone, Post-Bhone, Tal -Amalner, Dist -Jalgaon., 425401...
       DOB/Age: ❌ NOT FOUND
       Skills [17]: interpersonal skills, Quality Assurance, Quality Control, Inspection, Process Improvement, Raw Material Handling, Impact Testing, ISO 9001  (+9 more)
  157  79_doc.docx            ❌ NOT FOUND                    ❌ NOT FOUND    ❌ N/A    ❌ NOT FOUND
       Address: Ahmedabad, Himachal Pradesh, 14001...
       DOB/Age: ❌ NOT FOUND
       Skills [17]: lean, kaizen, six sigma, Quality Assurance, Quality Control, Process Improvement, ISO 9001, cGMP  (+9 more)
  158  79_pdf.pdf             Rohit Pandav                   09924277660    Male     rohitpharma007@gmail.com
       Address: Bhopal, Gujarat...
       DOB/Age: 1982-09-20 / 43
       Skills [18]: lean, inspection, kaizen, change control, six sigma, production planning, Internal Auditing, Process Improvement  (+10 more)
  164  82_pdf.pdf             Ghosh Basubhrajit              8777869920     Male     subhrajit-ghosh-84b67221asubhrajit367@gmail.com
       Address: Kolkata, Madhya Pradesh, 743193...
       DOB/Age: ❌ NOT FOUND
       Skills [9]: automation, civil, financial, physical, apprenticeship, plc, electrical engineering, Production Planning  (+1 more)
  159  80_doc.docx            Chetansinh Gohil               9265700184     Male     chetangohil88@gmail.com
       Address: To- Devli, Opp- Union Bank, Navapara, Tal- Kodinar-362720, D...
       DOB/Age: ❌ NOT FOUND
       Skills [14]: MS Word, Quality Assurance, Quality Control, Impact Testing, cGMP, Equipment Qualification, FDA Compliance, SOP Documentation  (+6 more)
  162  81_pdf.pdf             Shaik                          +919392675588  Female   hajishaik497@gmail.com
       Address: Kurnool, Andhra Pradesh, (+91) 9392675588, 2 Apr '04...
       DOB/Age: ❌ NOT FOUND
       Skills [5]: aerospace, MS Word, Inspection, Process Improvement, Excel
  161  81_doc.docx            Tej Ram Sharma                 6284440827     Male     tejramsharma333@gmail.com
       Address: # A-28 GF Anand Homes, Shiwalik Avenue, Sector-125, Kharar, ...
       DOB/Age: ❌ NOT FOUND
       Skills [20]: excel, cGMP, time management, Quality Assurance, Quality Control, Inspection, Raw Material Handling, ISO 9001  (+12 more)
  160  80_pdf.pdf             Sanjay Vaman Kadam             ❌ NOT FOUND    Male     sanjay18577@rediffmail.com
       Address: 9. As a Chemist - Quality Control with M/s Emmellen Biotech ...
       DOB/Age: ❌ NOT FOUND
       Skills [16]: investigation, automation, inspection, laboratory, incident, excel, cGMP, change control  (+8 more)
  163  82_doc.docx            Ramapati Chaurasia             09593263041    Male     ramapati_86@yahoo.co.in
       Address: Vivek Nagar, Pratapgarh (UP), Date of Birth : 04 th Oct 1982...
       DOB/Age: 1982-10-04 / 43
       Skills [16]: excel, erp, Inspection, Raw Material Handling, cGMP, Process Validation, Equipment Calibration, Equipment Qualification  (+8 more)
  166  83_pdf.pdf             Sumit Keshri                   +916205142771  Female   keshrisumit0099@gmail.com
       Address: • Represented the school in the District-Level Quiz Competit...
       DOB/Age: ❌ NOT FOUND
       Skills [4]: collaborative, chemical engineering, Production Planning, Process Control
  165  83_doc.docx            MR. Deepak B. Gerange          9850362654     Male     gerange_deepak@yahoo.com
       Address: Sayaji Township Road, Sayajipura, Vadodara, Gujarat, 392001....
       DOB/Age: ❌ NOT FOUND
       Skills [29]: investigation, cad, calibrations, validation, asset, assets, incident, shipping  (+21 more)
  172  86_pdf.pdf             Daksh Uttambhai Patel          +919512377146  Female   dakshpatel5268@gmail.com
       Address: HSC from Gujarat Secondary and Higher Secondary Education Bo...
       DOB/Age: ❌ NOT FOUND
       Skills [10]: organizational, excel, html, javascript, linux, mysql, php, CSS  (+2 more)
  167  84_doc.docx            Thanking You                   08938832968    Male     pawan.prod@gmail.com
       Address: Personal Details, Father’s Name Late Shri Ram Shiromani Pand...
       DOB/Age: 1976-09-30 / 49
       Skills [13]: discipline, Process Validation, cGMP, Compression, Coating, Quality Assurance, Quality Control, FDA Compliance  (+5 more)
  175  88_doc.doc             ❌ Error: Failed to extract from 88_doc.doc: textract error: antiword missing for .doc support; Word COM extraction error: (-2147221008, 'CoInitialize has not been called.', None, None)
  168  84_pdf.pdf             Vikramjithakor                 9725721360     Male     vikramthakor20@gmail.com
       Address: Sidhpur, Gujarat, APRIL - 2025, 7.5 CPI, ITI Electrician, 38...
       DOB/Age: ❌ NOT FOUND
       Skills [7]: plc, electrical engineering, preventive maintenance, breakdown maintenance, Equipment Calibration, Production Planning, Process Control
  174  87_pdf.pdf             Smitarani Pradhan              +917205900561  Female   smitarani117@gmail.com
       Address: Cuttack...
       DOB/Age: ❌ NOT FOUND
       Skills [18]: scripting, server, html, java, Hibernate, Tomcat, Maven, Eclipse  (+10 more)
  169  85_doc.docx            Hyma Gumpu                     9702949622     Female   danny@stackitprofessionals.com
       Address: Backlog...
       DOB/Age: ❌ NOT FOUND
       Skills [6]: server, sql, Quality Assurance, FDA Compliance, Regulatory Compliance, Quality Audits
  179  90_doc.doc             ❌ Error: Failed to extract from 90_doc.doc: textract error: antiword missing for .doc support; Word COM extraction error: (-2147221008, 'CoInitialize has not been called.', None, None)
  171  86_doc.docx            Chetan Babu                    4058960512     Female   booram.chai@gmail.com
       Address: Chesterbrook...
       DOB/Age: ❌ NOT FOUND
       Skills [34]: server, git, html, java, Servlets, JSP, JSTL, JDBC  (+26 more)
  173  87_doc.docx            Chandler Robert Durairaj Josh  5152573838     Female   chandler.neel@gmail.com
       Address: DNIIT program in NIIT , NIIT (Madurai, India), 2003, 39201...
       DOB/Age: ❌ NOT FOUND
       Skills [4]: CSS, Quality Assurance, Excel, MS Word
  176  88_pdf.pdf             Application Letter             +918460539089  Male     kushwaha_govind@yahoo.com
       Address: GOVIND KUSHWAHA, B-103, Sai Darshan Appartment, Krishna Colo...
       DOB/Age: ❌ NOT FOUND
       Skills [8]: production planning, Process Improvement, cGMP, Process Validation, FDA Compliance, SOP Documentation, Quality Audits, Process Control
  177  89_doc.docx            Saikrishna R Ao                ❌ NOT FOUND    Female   ❌ NOT FOUND
       Address: Bachelors in Electronics and Communication Engineering from ...
       DOB/Age: ❌ NOT FOUND
       Skills [25]: scripting, server, communications, excel, html, java, Eclipse, NetBeans  (+17 more)
  180  90_pdf.pdf             Sanjay Joshi                   +918696231056  Male     sanjay9596joshi@gmail.com
       Address: 26 Alka park Socity Vastrapur railway station road, Jivrajpa...
       DOB/Age: ❌ NOT FOUND
       Skills [1]: automation
  178  89_pdf.pdf             Dharmil Nareshkumar Shah       +17828827014   Male     work.dharmil@gmail.com
       Address: Computing, Adv Topics in Web Development, Cloud Architecting...
       DOB/Age: ❌ NOT FOUND
       Skills [5]: collaborative, typescript, ReactJS, NodeJS, CSS
  182  91_pdf.pdf             Candidate Name                 9624999100     ❌ N/A    info@qualityhr.co.in
       Address: FDA APPROVAL, • Approved in Dry Syrup (December 2012) Depart...
       DOB/Age: ❌ NOT FOUND
       Skills [8]: production planning, Process Improvement, cGMP, Process Validation, FDA Compliance, SOP Documentation, Quality Audits, Process Control
  181  91_doc.docx            Ravi Reddy                     4025000041     Female   rvk.reddy240@gmail.com
       Address: Delhi, Delhi...
       DOB/Age: ❌ NOT FOUND
       Skills [34]: cloud, server, communications, html, java, Servlets, JSP, JDBC  (+26 more)
  186  93_pdf.pdf             Himanshu Patel                 6359030080     ❌ N/A    himanshupatel19052002hp@gmail.com
       Address: Althan,Surat(395017)...
       DOB/Age: 2002-05-19 / 23
       Skills [1]: MS Word
  184  92_pdf.pdf             Mitesh Thakur                  6351327539     Male     mitesht99@gmail.com
       Address: Year of Passing, Marks Obtained, BE – Electrical Eng. Gujara...
       DOB/Age: ❌ NOT FOUND
       Skills [3]: drawing, breakdown maintenance, Quality Audits
  170  85_pdf.pdf             K I                            ❌ NOT FOUND    Male     kinjaltandl76@gmail.com
       Address: ❌ NOT FOUND
       DOB/Age: ❌ NOT FOUND
       Skills [1]: Quality Control
  183  92_doc.docx            Madhu                          9083130336     Female   bnsmadhavi@gmail.com
       Address: Chicago...
       DOB/Age: ❌ NOT FOUND
       Skills [21]: devops, server, collaboration, confluence, docker, html, java, JSP  (+13 more)
  185  93_doc.docx            Derik Howarth                  ❌ NOT FOUND    Female   derik.howarth@gmail.com
       Address: 98101, Seattle, WA, PROFESSIONAL SUMMARY...
       DOB/Age: ❌ NOT FOUND
       Skills [36]: structural, scripting, server, html, java, Servlets, JSP, JDBC  (+28 more)
  188  94_pdf.pdf             Samindar Bhore                 +919960861805  Female   samindar_bhore@rediffmail.com
       Address: Chemistry, Pune University, (1992- 1995), RELEVANT COURSES, ...
       DOB/Age: ❌ NOT FOUND
       Skills [11]: Process Validation, change management, Quality Assurance, cGMP, FDA Compliance, SOP Documentation, Batch Manufacturing (BMR/MFR), Quality Audits  (+3 more)
  187  94_doc.docx            Dhanalaxmi Sangole             9162829259     Female   sam@vishconsultingservices.com
       Address: Pune...
       DOB/Age: ❌ NOT FOUND
       Skills [16]: validation, hipaa, configuration, scripting, server, java, jira, sql  (+8 more)
  190  95_pdf.pdf             Jay Ambe Vidhyabhavan          9106691545     Male     princejakson77@gmail.com
       Address: 9106691545, B-304 RIDDHI SIDDHI A, PP , KAILASH ROAD , O, PP...
       DOB/Age: 1999-09-11 / 26
       Skills [1]: Quality Control
  189  95_doc.docx            Drakshayani.s                  +15103098480   Female   drakshajavauidev93@gmail.com
       Address: Bangalore...
       DOB/Age: ❌ NOT FOUND
       Skills [35]: server, ReactJS, git, html, java, Servlets, JSP, JDBC  (+27 more)
  192  96_pdf.pdf             Personalinformation            9825113587     Male     ❌ NOT FOUND
       Address: Memnagar, Ahemedabad –380052 Gujarat, India., personal healt...
       DOB/Age: 1973-08-26 / 52
       Skills [16]: asset, MS Word, Quality Control, Inspection, Raw Material Handling, Density Testing, cGMP, Process Validation  (+8 more)
  196  98_pdf.pdf             Sophie Elhanan                 +919619723884  ❌ N/A    sophienowgaonkar@gmail.com
       Address: 2021, Maharashtra College of Arts and Science, Mumbai, Grade...
       DOB/Age: ❌ NOT FOUND
       Skills: ❌ NOT FOUND
  193  97_doc.docx            Padmasri Dantu                 7044500128     Female   padmasri.vamsi@gmail.com
       Address: Visakhapatnam, 98007...
       DOB/Age: ❌ NOT FOUND
       Skills [13]: automation, incident, server, SOAP, sql, Bash, change management, Quality Assurance  (+5 more)
  191  96_doc.docx            My Cap Award For               3127850017     Female   chitra@cloudpointamerica.com
       Address: St. Xavier’s College, Kolkata, India...
       DOB/Age: ❌ NOT FOUND
       Skills [9]: cloud, networking, server, accountability, itil, portfolio management, scrum master, Process Improvement  (+1 more)
  201  101_doc.doc            ❌ Error: Failed to extract from 101_doc.doc: textract error: antiword missing for .doc support; Word COM extraction error: (-2147221008, 'CoInitialize has not been called.', None, None)
  156  78_pdf.pdf             ❌ NOT FOUND                    ❌ NOT FOUND    ❌ N/A    rbra350@gmail.com
       Address: ❌ NOT FOUND
       DOB/Age: ❌ NOT FOUND
       Skills [1]: Quality Assurance
  202  101_pdf.pdf            Saurabh Singh                  9956961766     Male     saurabhsingh@gmail.com
       Address: 201910...
       DOB/Age: ❌ NOT FOUND
       Skills [3]: organizational, mechanical engineering, critical thinking
  195  98_doc.docx            Gautami Bulusu                 7327532829     Female   krish@egrovesys.com
       Address: Genpact, India. Jul ’16-Dec’17, Client: Nationwide Insurance...
       DOB/Age: ❌ NOT FOUND
       Skills [10]: automation, scripting, java, SOAP, Maven, jira, linux, selenium  (+2 more)
  197  99_doc.docx            ❌ NOT FOUND                    +14256159090   Female   rpgoudburra@gmail.com
       Address: MTN (on behalf of TirbalGold), Republic of South Africa, Sen...
       DOB/Age: ❌ NOT FOUND
       Skills [35]: automation, validation, security, cloud, devops, collaboration, ansible, azure  (+27 more)
  198  99_pdf.pdf             Abhishek Pandey                9004591579     Male     abhi59944pandey@gmail.com
       Address: Mumbai-400097...
       DOB/Age: 1999-11-11 / 26
       Skills [6]: html, java, javascript, mysql, xml, CSS
  199  100_doc.docx           Rashmithareddy                 4694434710     Female   rashmitha.java134@gmail.com
       Address: Ant...
       DOB/Age: ❌ NOT FOUND
       Skills [52]: cloud, server, ReactJS, html, Core Java, Servlets, JSP, JSTL  (+44 more)
  200  100_pdf.pdf            Sekh Mahammad Sahidullah       +919681007840  Female   ssekhmahammad@yahoo.com
       Address: Brownfield, Gujarat, 96810...
       DOB/Age: ❌ NOT FOUND
       Skills [13]: drawing, discipline, JMS, ndt, bom, fmea, root cause analysis, breakdown maintenance  (+5 more)
  203  102_doc.docx           Madhuri Pawar                  4847546872     Female   madurichand@gmail.com
       Address: Prototyping...
       DOB/Age: ❌ NOT FOUND
       Skills [20]: automation, validation, reimbursement, emr, hipaa, medical, authorization, epic  (+12 more)
  194  97_pdf.pdf             Prabhatsinh Virabhai Kher      +919727930274  Female   pv.kher@gmail.com
       Address: PRABHATSINH VIRABHAI KHER, Mechanical Engineering | Plant & ...
       DOB/Age: 1990-06-29 / 35
       Skills [6]: excel, fmea, root cause analysis, SOP Documentation, MS Word, PowerPoint
  205  103_doc.docx           Deepak Upadhyay                +918277732279  Female   dupadhyay26@gmail.com
       Address: Present Address, New Shanti Nagger Deepak Upadhyay, Nai Sada...
       DOB/Age: ❌ NOT FOUND
       Skills [20]: drawings, inspection, kaizen, structural, auditor, autocad, excel, quality audits  (+12 more)
  204  102_pdf.pdf            Nitin Anil Raut                +917387934635  Male     nitinraut@rocketmail.com
       Address: RESUME, NITIN ANIL RAUT, GAJANAN NIWAS, NEAR DR. BARANGALE H...
       DOB/Age: ❌ NOT FOUND
       Skills [10]: Quality Assurance, Quality Control, Process Parameter Control, Process Validation, Batch Manufacturing (BMR/MFR), Quality Audits, Change Control, Deviation Management  (+2 more)
  207  105_doc.docx           Gopi                           +17326307623   Female   gopijavafullstack@gmail.com
       Address: Hyderabad...
       DOB/Age: ❌ NOT FOUND
       Skills [54]: cloud, microservices, server, git, html, Core Java, Servlets, JSP  (+46 more)
  214  112_doc.doc            ❌ Error: Failed to extract from 112_doc.doc: textract error: antiword missing for .doc support; Word COM extraction error: (-2147221008, 'CoInitialize has not been called.', None, None)
  206  104_doc.docx           ❌ NOT FOUND                    ❌ NOT FOUND    Female   ❌ NOT FOUND
       Address: Chennai, Tamil Nadu...
       DOB/Age: ❌ NOT FOUND
       Skills [13]: banking, financial, jira, oracle, salesforce, pl/sql, COBOL, portfolio management  (+5 more)
  209  107_doc.docx           Ravikumar Tirumalaraju         7342592421     Female   gopal@infoservicesllc.com
       Address: Location – Hyderabad, India...
       DOB/Age: ❌ NOT FOUND
       Skills [27]: authentication, server, collaboration, organizational, html, java, WebLogic, javascript  (+19 more)
  208  106_doc.docx           Gururaja Murthy                ❌ NOT FOUND    Female   ❌ NOT FOUND
       Address: Bangalore...
       DOB/Age: ❌ NOT FOUND
       Skills [27]: automation, security, android, cloud, configuration, server, excel, html  (+19 more)
  210  108_doc.docx           Hari Babu                      7863786921     Female   hariguraka@gmail.com
       Address: Madurai...
       DOB/Age: ❌ NOT FOUND
       Skills [67]: automation, cadence, validation, cloud, configuration, microservices, server, communications  (+59 more)
  219  117_doc.doc            ❌ Error: Failed to extract from 117_doc.doc: textract error: antiword missing for .doc support; Word COM extraction error: (-2147221008, 'CoInitialize has not been called.', None, None)
  211  109_doc.docx           Mahesh                         +18327758735   Female   asmith@nichesoftsolutions.com
       Address: PROFESSIONAL QUALIFICATION, 1996 B.E. in Electrical and Elec...
       DOB/Age: ❌ NOT FOUND
       Skills [15]: automation, validation, backups, configuration, scripting, server, linux, unix  (+7 more)
  212  110_doc.docx           Mehul Panchal                  6466109085     Female   panchalprofessional@gmail.com
       Address: Mehul Panchal, New York City, NY, Green Card...
       DOB/Age: ❌ NOT FOUND
       Skills [31]: automation, validation, banking, financial, security, medical, physical, configuration  (+23 more)
  213  111_doc.docx           Yugesh                         +15156502459   Female   yugeshm4@gmail.com
       Address: Hyderabad...
       DOB/Age: ❌ NOT FOUND
       Skills [43]: cloud, server, angularjs, docker, git, html, java, JMS  (+35 more)
  215  113_doc.docx           Derik Howarth                  ❌ NOT FOUND    Female   derik.howarth@gmail.com
       Address: 98101, Seattle, WA, PROFESSIONAL SUMMARY...
       DOB/Age: ❌ NOT FOUND
       Skills [36]: structural, scripting, server, html, java, Servlets, JSP, JDBC  (+28 more)
  216  114_doc.docx           Bharatha Jyothi Bommireddy     7322986789     Female   chetan@kig-corp.com
       Address: Jawaharlal Nehru Technological University - Hyderabad, India...
       DOB/Age: ❌ NOT FOUND
       Skills [14]: server, adobe, Photoshop, excel, pl/sql, unix, Prototyping, MS Word  (+6 more)
  220  118_doc.docx           Reddemma Lankipalle            4846862294     Female   reddemmaqa2_hr3@indeedemail.com
       Address: Norristown, PA 19403...
       DOB/Age: ❌ NOT FOUND
       Skills [40]: automation, validation, banking, medical, android, configuration, scripting, server  (+32 more)
  218  116_doc.docx           Narendra Lenka                 9739108941     Female   narenlenka99@gmail.com
       Address: Bachelors of Life Sciences (MBBC) – ANU University, 2007, In...
       DOB/Age: ❌ NOT FOUND
       Skills [46]: campaigns, validation, reimbursement, security, hipaa, medical, configuration, server  (+38 more)
  217  115_doc.docx           Bharat Singh                   ❌ NOT FOUND    Male     ❌ NOT FOUND
       Address: F-201, Alnoor Residency, Nandelav, Bharuch (GUJ) 392001, Lin...
       DOB/Age: 1986-06-30 / 39
       Skills [7]: erp, external audit, electrical engineering, industrial engineering, preventive action, interpersonal skills, Quality Audits
  221  119_doc.docx           Narendra Lenka                 9739108941     Female   narenlenka99@gmail.com
       Address: Bachelors of Life Sciences (MBBC) – ANU University, 2007, In...
       DOB/Age: ❌ NOT FOUND
       Skills [46]: campaigns, validation, reimbursement, security, hipaa, medical, configuration, server  (+38 more)
  222  120_doc.docx           Naresh V                       ❌ NOT FOUND    Female   naresh.java34@gmail.com
       Address: Threads...
       DOB/Age: ❌ NOT FOUND
       Skills [30]: server, ReactJS, html, Core Java, Servlets, JSP, JDBC, EJB  (+22 more)
  224  122_doc.docx           Avinash G                      9137300694     Male     avinash87.java@gmail.com
       Address: Used Log 4 j for debugging, testing and maintaining the syst...
       DOB/Age: ❌ NOT FOUND
       Skills [69]: networking, server, angularjs, docker, git, gradle, html, Core Java  (+61 more)
  223  121_doc.docx           Naveen Arora                   9173889436     Female   aroranaveen40@gmail.com
       Address: BE Computer Engineering (PCT ; University of Mumbai)- India ...
       DOB/Age: ❌ NOT FOUND
       Skills [42]: forecasting, security, medical, authentication, configuration, devops, server, cisco  (+34 more)
  225  123_doc.docx           Naveen Kumar Bandela           4695249207     Female   naveenkumar.java18@gmail.com
       Address: Bangalore...
       DOB/Age: ❌ NOT FOUND
       Skills [67]: automation, validation, asset, banking, financial, lending, cloud, configuration  (+59 more)
  226  124_doc.docx           Mani                           6158131551     Female   vmaniv08@gmail.com
       Address: Location : Hyderabad, India...
       DOB/Age: ❌ NOT FOUND
       Skills [38]: server, confluence, git, hadoop, html, Core Java, Servlets, JDBC  (+30 more)
  234  132_doc.doc            ❌ Error: Failed to extract from 132_doc.doc: textract error: antiword missing for .doc support; Word COM extraction error: (-2147221008, 'CoInitialize has not been called.', None, None)
  227  125_doc.docx           Kishore Kotapati               8329067001     Female   kishore_kotapati@yahoo.com
       Address: Academic Credentials, Masters in Computer Applications(MCA) ...
       DOB/Age: ❌ NOT FOUND
       Skills [4]: CSS, Quality Assurance, Production Planning, Process Control
  228  126_doc.docx           Naveen                         3479211618     Female   naveen.snr87@gmail.com
       Address: Bangalore, Delhi, 450000...
       DOB/Age: ❌ NOT FOUND
       Skills [39]: server, git, html, java, JSP, JDBC, JMS, JNDI  (+31 more)
  229  127_doc.docx           Navneet Gupta                  8017703133     Female   richard@sonussoftwareinc.com
       Address: Bachelors of Technology from IIT Delhi, India....
       DOB/Age: ❌ NOT FOUND
       Skills [21]: server, git, html, java, Hibernate, DHTML, Maven, CVS  (+13 more)
  230  128_doc.docx           Sourya                         3024016767     Female   sny.java@gmail.com
       Address: Bachelors in Computer Science and Information Technology (B....
       DOB/Age: ❌ NOT FOUND
       Skills [44]: automation, networking, scripting, server, adobe, Photoshop, VueJS, git  (+36 more)
  237  135_doc.docx           Nilesh Banthiya                +919427399390  Male     nilu_banthiya@yahoo.com
       Address: Drupal...
       DOB/Age: ❌ NOT FOUND
       Skills [11]: Wordpress, XHTML, javascript, mysql, php, Laravel, Bootstrap, CSS  (+3 more)
  231  129_doc.docx           Nikhil                         7139319034     Female   nikhil.akula06@gmail.com
       Address: Installing...
       DOB/Age: ❌ NOT FOUND
       Skills [48]: security, cloud, cloudwatch, configuration, ansible, docker, html, java  (+40 more)
  233  131_doc.docx           Nikita                         2018950814     Female   niki.nimmagadda@gmail.com
       Address: Cr...
       DOB/Age: ❌ NOT FOUND
       Skills [14]: server, adobe, excel, java, oracle, sql, csm, MS Word  (+6 more)
  232  130_doc.docx           Nikith Reddy                   5109447683     Female   nikith.k25@gmail.com
       Address: Bangalore, Delhi...
       DOB/Age: ❌ NOT FOUND
       Skills [45]: server, adobe, Wordpress, angularjs, html, java, Servlets, JSP  (+37 more)
  235  133_doc.docx           Chenna Kesava                  4696777837     Female   chennakesava231@gmail.com
       Address: Hyderabad, Andhra Pradesh...
       DOB/Age: ❌ NOT FOUND
       Skills [44]: server, angularjs, ReactJS, html, java, Servlets, JDBC, JMS  (+36 more)
  236  134_doc.docx           Kethana Y                      2145016784     Female   ajay@appsboat.com
       Address: CERTIFIED SCRUM MASTER-License 752763...
       DOB/Age: ❌ NOT FOUND
       Skills [10]: excel, jira, linux, project management, MS Word, Quality Assurance, Process Improvement, Impact Testing  (+2 more)
  239  137_doc.docx           Othman                         ❌ NOT FOUND    Female   ❌ NOT FOUND
       Address: Chantilly, 20113...
       DOB/Age: ❌ NOT FOUND
       Skills [5]: html, javascript, sql, xml, Quality Assurance
  238  136_doc.docx           Niteesh Kusumba                7273045761     Female   niteeshkusumba.java@gmail.com
       Address: Delhi, Delhi...
       DOB/Age: ❌ NOT FOUND
       Skills [41]: cloud, server, angularjs, azure, gradle, html, java, Servlets  (+33 more)
  241  139_doc.docx           Avinash                        4086766390     Female   avinashgne@gmail.com
       Address: New York State ITS – DA Cluster, Schenectady, NY September 2...
       DOB/Age: ❌ NOT FOUND
       Skills [24]: financial, physical, cloud, configuration, dns, server, wireless, adobe  (+16 more)
  240  138_doc.docx           Manikanta                      5136018654     Female   manikanta.java3@gmail.com
       Address: Hyderabad...
       DOB/Age: ❌ NOT FOUND
       Skills [45]: configuration, scripting, server, angularjs, ReactJS, git, html, java  (+37 more)
  244  142_doc.docx           Parth                          ❌ NOT FOUND    Female   ❌ NOT FOUND
       Address: Columbus...
       DOB/Age: ❌ NOT FOUND
       Skills [15]: drawing, financial, security, server, confluence, excel, jira, sql  (+7 more)
  242  140_doc.docx           Kashyap K. Vora                2015326397     Female   kashyapkvora@gmail.com
       Address: Mumbai...
       DOB/Age: ❌ NOT FOUND
       Skills [67]: lean, automation, accredited, cybersecurity, financial, financials, reimbursement, security  (+59 more)
  246  144_doc.docx           Shikha Saxena                  8109819127     Female   ashikhasaxena831@gmail.com
       Address: Bangalore...
       DOB/Age: 1995-12-29 / 30
       Skills [5]: server, sql, erp, project management, CSS
  243  141_doc.docx           Pankaj P                       ❌ NOT FOUND    Female   ❌ NOT FOUND
       Address: Bachelors in Electrical Engineering from Pune University, In...
       DOB/Age: ❌ NOT FOUND
       Skills [28]: collaborative, validation, financial, server, organizational, excel, html, java  (+20 more)
  245  143_doc.docx           Front Controller               5153069255     Female   pavank0686@gmail.com
       Address: Chennai...
       DOB/Age: ❌ NOT FOUND
       Skills [73]: orchestration, automation, authentication, authorization, cloud, configuration, networking, server  (+65 more)
  248  146_doc.docx           Pierre John                    ❌ NOT FOUND    Female   pierrejohn14@yahoo.com
       Address: Mission, San Francisco, California, 94105...
       DOB/Age: ❌ NOT FOUND
       Skills [8]: java, NodeJS, Bootstrap, CSS, Quality Assurance, Impact Testing, Production Planning, Process Control
  247  145_doc.docx           Praveen                        7037430795     Female   pavankrishnaturaga@gmail.com
       Address: Data...
       DOB/Age: ❌ NOT FOUND
       Skills [13]: server, excel, html, jira, oracle, sql, CSS, Quality Assurance  (+5 more)
  249  147_doc.docx           Manohar                        6142855486     Female   manohar.r7754@gmail.com
       Address: Bangalore...
       DOB/Age: ❌ NOT FOUND
       Skills [40]: cloud, server, adobe, git, html, java, Servlets, JSP  (+32 more)
  250  148_doc.docx           Santhosh Abraham               +17324235890   Male     santhoshkabraham@gmail.com
       Address: Data Center Officer - CITICORP Information Technology Indust...
       DOB/Age: ❌ NOT FOUND
       Skills [9]: server, jira, oracle, office 365, pmp, scrum master, csm, change management  (+1 more)
  252  150_doc.docx           Nagaraju                       +17704565746   ❌ N/A    nagaraju@paramountsoft.net
       Address: Certified BSI 27001:2005 Information Security Management Sys...
       DOB/Age: ❌ NOT FOUND
       Skills [21]: auditor, security, server, accountability, docker, html, java, Servlets  (+13 more)
  251  149_doc.docx           Pranay                         5512420224     Male     pranaypjava@aol.com
       Address: Hyderabad...
       DOB/Age: ❌ NOT FOUND
       Skills [49]: server, ReactJS, docker, git, gradle, html, java, Servlets  (+41 more)
  253  151_doc.docx           Praveen Kumar Bugalaia         6099495710     Female   praveen.bugalaia001@gmail.com
       Address: 144 Depot Road, Harvard, MA 01451...
       DOB/Age: ❌ NOT FOUND
       Skills [29]: validation, banking, security, cloud, configuration, virtualization, collaboration, cisco  (+21 more)
  254  152_doc.docx           Praveen T                      9849991439     Male     praveen06t@gmail.com
       Address: Imported data from XML files and flat files to standard form...
       DOB/Age: ❌ NOT FOUND
       Skills [64]: automation, validation, financial, medical, cloud, configuration, server, angularjs  (+56 more)
  257  155_doc.docx           Jagruti Solanki                9998978289     Female   jagruti_miraj93@yahoo.in
       Address: Others : Problem solving, cross-browser compatibility, cross...
       DOB/Age: 1993-01-23 / 33
       Skills [13]: Adobe XD, Illustrator, Photoshop, Wordpress, git, html, javascript, Figma  (+5 more)
  255  153_doc.docx           Manohar                        ❌ NOT FOUND    Male     ❌ NOT FOUND
       Address: Bangalore...
       DOB/Age: ❌ NOT FOUND
       Skills [46]: configuration, server, git, gradle, html, Core Java, Servlets, JSP  (+38 more)
  259  157_doc.docx           Priya Sharma                   +15035362757   Female   manjunath@nichesoftsolutions.com
       Address: Ernst & Young LLP (E&Y) - Gurgaon, Haryana - 2015-12 - 2016-...
       DOB/Age: ❌ NOT FOUND
       Skills [29]: adobe, Illustrator, Photoshop, Wordpress, excel, html, java, Servlets  (+21 more)
  256  154_doc.docx           Santhosh Abraham               +17324235890   Male     santhoshkabraham@gmail.com
       Address: Data Center Officer - CITICORP Information Technology Indust...
       DOB/Age: ❌ NOT FOUND
       Skills [10]: emr, server, jira, oracle, office 365, pmp, scrum master, csm  (+2 more)
  260  158_doc.docx           Priyanka                       ❌ NOT FOUND    Female   ❌ NOT FOUND
       Address: ACADEMICS, Bachelors in Technology, Computer Science, UPTU, ...
       DOB/Age: ❌ NOT FOUND
       Skills [49]: validation, banking, security, physical, android, cloud, incident, server  (+41 more)
  258  156_doc.docx           ❌ NOT FOUND                    6508439747     Female   priyab8989@gmail.com
       Address: Designed and Developed Representational state transfer (REST...
       DOB/Age: ❌ NOT FOUND
       Skills [41]: authentication, configuration, server, git, html, java, Servlets, JSP  (+33 more)
  261  159_doc.docx           Ramya                          7328440463     Female   ramya003.m@gmail.com
       Address: 2/11-12/12 WINIT SoftwareRole, Bangalore,INDIA...
       DOB/Age: ❌ NOT FOUND
       Skills [11]: server, html, java, linux, oracle, pl/sql, unix, CSS  (+3 more)
  262  160_doc.docx           Raja Santhosam                 ❌ NOT FOUND    Female   ❌ NOT FOUND
       Address: Bank of New York Mellon – Jersey City, NJ April 2012 - April...
       DOB/Age: ❌ NOT FOUND
       Skills [9]: server, oracle, pl/sql, unix, Shell Scripting, Quality Assurance, Impact Testing, Production Planning  (+1 more)
  263  161_doc.docx           Rajendra                       7139319034     Female   yourrp@gmail.com
       Address: Dallas...
       DOB/Age: ❌ NOT FOUND
       Skills [27]: banking, financial, security, virtualization, excel, java, Maven, Eclipse  (+19 more)
  264  162_doc.docx           Vishal Salman                  4699209532     Female   vishalsalman@gmail.com
       Address: 3028 1 st Ave, Seattle, WA 98121, 469 920 9532...
       DOB/Age: ❌ NOT FOUND
       Skills [41]: classification, structural, validation, forecasting, cloud, configuration, networking, server  (+33 more)
  265  163_doc.docx           Rajesh K                       6025077891     Male     itconsultant2897_kop@indeedemail.com
       Address: Dallas, TX 75201...
       DOB/Age: ❌ NOT FOUND
       Skills [31]: automation, asset, physical, cloud, adobe, Wordpress, angularjs, git  (+23 more)
  266  164_doc.docx           Raju Goduguchinta              5128035956     Female   rajugoduguchinta@gmail.com
       Address: 2001 Master of Engineering, Anna University (Campus), Chenna...
       DOB/Age: ❌ NOT FOUND
       Skills [36]: automation, accredited, asset, banking, financial, mortgage, cloud, server  (+28 more)
  268  166_doc.docx           Madhuri Gore                   9923391330     Female   mkgore17@gmail.com
       Address: At/Post.Ashiv,Tal.Ausa,Dist.Latur-413520....
       DOB/Age: 1995-11-17 / 30
       Skills [15]: adobe, Photoshop, Wordpress, azure, git, html, Core Java, JSP  (+7 more)
  267  165_doc.docx           Ram                            5105563630     Male     ram1421980@gmail.com
       Address: RestClient-UI and Postman(Chrome) and SOAP UI., Fraud Preven...
       DOB/Age: ❌ NOT FOUND
       Skills [47]: asset, assets, cloud, server, git, hadoop, html, Core Java  (+39 more)
  270  168_doc.docx           Spoorti Pandit                 8327758735     Female   asmith@nichesoftsolutions.com
       Address: Location: Mumbai, India...
       DOB/Age: ❌ NOT FOUND
       Skills [9]: server, oracle, sql, Quality Assurance, Quality Control, Impact Testing, Excel, Production Planning  (+1 more)
  271  169_doc.docx           Robinson Edward                ❌ NOT FOUND    Female   ❌ NOT FOUND
       Address: Chennai...
       DOB/Age: ❌ NOT FOUND
       Skills [14]: banking, financial, Photoshop, excel, java, jira, sql, MS Word  (+6 more)
  272  170_doc.docx           Mitali Barman                  2816577941     Female   mail-prasannak@suntechpros.com
       Address: Columbus...
       DOB/Age: ❌ NOT FOUND
       Skills [11]: automation, financial, excel, jira, sql, risk management, investment banking, Quality Assurance  (+3 more)
  269  167_doc.docx           Lorenzo Zackery                2159801011     ❌ N/A    myvt.me@gmail.com
       Address: Atlanta...
       DOB/Age: ❌ NOT FOUND
       Skills [14]: financial, payroll, medical, communications, Photoshop, Wordpress, html, javascript  (+6 more)
  273  171_doc.docx           Rohini                         2248012086     Female   rohanuj08@gmail.com
       Address: Hyderabad...
       DOB/Age: ❌ NOT FOUND
       Skills [50]: cloud, server, angularjs, docker, git, gradle, html, java  (+42 more)
  275  173_doc.docx           Sunitha                        6143754373     Female   sruthi@idolsoftconsulting.com
       Address: Client...
       DOB/Age: ❌ NOT FOUND
       Skills [20]: validation, financial, security, configuration, communications, organizational, jira, oracle  (+12 more)
  276  174_doc.docx           Ramteja Motupalli              ❌ NOT FOUND    Female   ❌ NOT FOUND
       Address: Hyderabad...
       DOB/Age: ❌ NOT FOUND
       Skills [22]: android, server, html, java, SOAP, Eclipse, NetBeans, jira  (+14 more)
  274  172_doc.docx           Portfolio Governance           ❌ NOT FOUND    Female   ❌ NOT FOUND
       Address: Mumbai...
       DOB/Age: ❌ NOT FOUND
       Skills [41]: campaign, asset, financial, financials, configuration, devops, server, prioritization  (+33 more)
  277  175_doc.docx           Sahas Datta                    3177325138     Female   sahas.kf04@gmail.com
       Address: Hyderabad...
       DOB/Age: ❌ NOT FOUND
       Skills [15]: excel, jira, linux, sql, unix, windows server, NodeJS, MS Word  (+7 more)
  278  176_doc.docx           Sahiti K                       2674041719     Female   sahithi.javadev8@gmail.com
       Address: Bangalore...
       DOB/Age: ❌ NOT FOUND
       Skills [53]: cloud, server, angularjs, ReactJS, git, html, java, Servlets  (+45 more)
  279  177_doc.docx           Sudheer Dixit                  +917838380707  Male     sudhirdixit007@gmail.com
       Address: House No - 61 Lane 2, Rahul Vihar 2 nd, Pratap Vihar Sec - 1...
       DOB/Age: ❌ NOT FOUND
       Skills [7]: NodeJS, purchase order, ReactJS, Bootstrap, CSS, Visual Studio Code, MS Word
  280  178_doc.docx           Discipline                     8690785635     Male     jogeshchaubey03@gmail.com
       Address: 24/F, GAYATRI SOCIETY, 396002...
       DOB/Age: 1990-06-18 / 35
       Skills [15]: Quality Assurance, Quality Control, ISO 14001, ISO 45001, cGMP, Process Validation, Batch Manufacturing (BMR/MFR), Quality Audits  (+7 more)

========================================================================================================================
💾 Validation report saved → D:\Ktas Project\ATS\ATS Email Parser\src\output\validation_report.json

────────────────────────────────────────────────────────────────────────────────────────────────────────────────────────
📊 PROCESSING SUMMARY:
   Total files processed: 280
   Successfully parsed: 271 (96.8%)
   Extraction errors: 9 (3.2%)

📋 EXTRACTION QUALITY:
   Names found: 270/280 (96.4%)
   Emails found: 240/280 (85.7%)
   Phones found: 233/280 (83.2%)
   Resumes with skills: 258/280 (92.1%)

💾 Results saved:
   Main output → D:\Ktas Project\ATS\ATS Email Parser\src\output\resume_parsed.json
   Processing log → D:\Ktas Project\ATS\ATS Email Parser\src\output\parser.log
✅ Done.
